2025-05-02 15:46:02 [INFO] login success
2025-05-02 15:49:17 [ERROR] Employee not found for emp_id45
2025-05-02 15:55:48 [INFO] db connect success
2025-05-02 15:59:12 [INFO]  DB connected successfully
2025-05-02 15:59:12 [INFO] Server running on port 5000
2025-05-02 16:04:53 [INFO]  DB connected successfully
2025-05-02 16:04:53 [INFO] Server running on port 5000
2025-05-02 16:48:02 [INFO]  DB connected successfully
2025-05-02 16:48:02 [INFO] Server running on port 5000
2025-05-02 16:51:03 [INFO] login success
2025-05-02 16:56:15 [INFO] login success
2025-05-02 17:00:41 [INFO] login success
2025-05-05 08:25:09 [INFO] login success
2025-05-05 08:33:49 [INFO]  DB connected successfully
2025-05-05 08:33:49 [INFO] Server running on port 5000
2025-05-05 08:34:02 [INFO]  DB connected successfully
2025-05-05 08:34:02 [INFO] Server running on port 5000
2025-05-05 08:41:32 [INFO] login success
2025-05-05 08:44:04 [INFO] login success
2025-05-05 08:45:03 [INFO] login success
2025-05-05 08:46:01 [INFO] login success
2025-05-05 08:47:08 [INFO] login success
2025-05-05 08:48:46 [INFO]  DB connected successfully
2025-05-05 08:48:46 [INFO] Server running on port 5000
2025-05-05 08:49:05 [INFO] login success
2025-05-05 08:55:56 [INFO]  DB connected successfully
2025-05-05 08:55:56 [INFO] Server running on port 5000
2025-05-05 08:56:58 [INFO]  DB connected successfully
2025-05-05 08:56:58 [INFO] Server running on port 5000
2025-05-05 08:59:36 [INFO]  DB connected successfully
2025-05-05 08:59:36 [INFO] Server running on port 5000
2025-05-05 09:00:49 [INFO]  DB connected successfully
2025-05-05 09:00:49 [INFO] Server running on port 5000
2025-05-05 09:02:11 [INFO]  DB connected successfully
2025-05-05 09:02:11 [INFO] Server running on port 5000
2025-05-05 09:04:37 [INFO]  DB connected successfully
2025-05-05 09:04:37 [INFO] Server running on port 5000
2025-05-05 09:08:20 [INFO]  DB connected successfully
2025-05-05 09:08:20 [INFO] Server running on port 5000
2025-05-05 09:09:31 [INFO]  DB connected successfully
2025-05-05 09:09:31 [INFO] Server running on port 5000
2025-05-05 09:10:36 [INFO]  DB connected successfully
2025-05-05 09:10:36 [INFO] Server running on port 5000
2025-05-05 09:11:46 [INFO]  DB connected successfully
2025-05-05 09:11:46 [INFO] Server running on port 5000
2025-05-05 09:17:37 [INFO]  DB connected successfully
2025-05-05 09:17:37 [INFO] Server running on port 5000
2025-05-05 09:38:11 [INFO]  DB connected successfully
2025-05-05 09:38:11 [INFO] Server running on port 5000
2025-05-05 09:38:17 [INFO]  DB connected successfully
2025-05-05 09:38:17 [INFO] Server running on port 5000
2025-05-05 09:38:22 [INFO]  DB connected successfully
2025-05-05 09:38:22 [INFO] Server running on port 5000
2025-05-05 09:39:24 [INFO]  DB connected successfully
2025-05-05 09:39:24 [INFO] Server running on port 5000
2025-05-05 09:39:40 [INFO]  DB connected successfully
2025-05-05 09:39:40 [INFO] Server running on port 5000
2025-05-05 09:40:54 [INFO]  DB connected successfully
2025-05-05 09:40:54 [INFO] Server running on port 5000
2025-05-05 09:43:07 [INFO]  DB connected successfully
2025-05-05 09:43:07 [INFO] Server running on port 5000
2025-05-05 09:44:25 [INFO]  DB connected successfully
2025-05-05 09:44:25 [INFO] Server running on port 5000
2025-05-05 09:45:28 [INFO]  DB connected successfully
2025-05-05 09:45:28 [INFO] Server running on port 5000
2025-05-05 09:53:48 [INFO]  DB connected successfully
2025-05-05 09:53:48 [INFO] Server running on port 5000
2025-05-05 09:54:10 [INFO] login success
2025-05-05 09:57:29 [INFO]  DB connected successfully
2025-05-05 09:57:29 [INFO] Server running on port 5000
2025-05-05 10:38:41 [INFO]  DB connected successfully
2025-05-05 10:38:41 [INFO] Server running on port 5000
2025-05-05 11:05:35 [INFO]  DB connected successfully
2025-05-05 11:05:35 [INFO] Server running on port 5000
2025-05-05 11:05:45 [INFO] login success
2025-05-05 11:14:58 [WARN] Invalid credentials attempted
2025-05-05 11:15:06 [INFO] login success
2025-05-05 11:35:34 [INFO] login success
2025-05-05 12:33:03 [INFO]  DB connected successfully
2025-05-05 12:33:03 [INFO] Server running on port 5000
2025-05-05 12:34:11 [INFO]  DB connected successfully
2025-05-05 12:34:11 [INFO] Server running on port 5000
2025-05-05 12:35:59 [INFO] login success
2025-05-05 12:43:30 [INFO] login success
2025-05-05 12:44:49 [INFO] login success
2025-05-05 12:47:41 [WARN] Invalid credentials attempted
2025-05-05 12:47:56 [INFO] login success
2025-05-05 12:48:31 [INFO] login success
2025-05-05 12:49:50 [INFO]  DB connected successfully
2025-05-05 12:49:50 [INFO] Server running on port 5000
2025-05-05 12:50:12 [INFO]  DB connected successfully
2025-05-05 12:50:12 [INFO] Server running on port 5000
2025-05-05 12:52:12 [INFO]  DB connected successfully
2025-05-05 12:52:12 [INFO] Server running on port 5000
2025-05-05 12:55:44 [INFO]  DB connected successfully
2025-05-05 12:55:44 [INFO] Server running on port 5000
2025-05-05 12:55:46 [INFO]  DB connected successfully
2025-05-05 12:55:46 [INFO] Server running on port 5000
2025-05-05 12:56:38 [WARN] Invalid credentials attempted
2025-05-05 12:57:10 [WARN] Invalid credentials attempted
2025-05-05 12:57:16 [WARN] Invalid credentials attempted
2025-05-05 12:57:29 [WARN] Invalid credentials attempted
2025-05-05 12:58:18 [WARN] Invalid credentials attempted
2025-05-05 12:58:34 [WARN] Invalid credentials attempted
2025-05-05 12:58:44 [INFO] login success
2025-05-05 12:59:09 [INFO] login success
2025-05-05 12:59:19 [INFO] login success
2025-05-05 13:01:17 [INFO]  DB connected successfully
2025-05-05 13:01:17 [INFO] Server running on port 5000
2025-05-05 14:05:28 [INFO] login success
2025-05-05 14:06:27 [INFO]  DB connected successfully
2025-05-05 14:06:27 [INFO] Server running on port 5000
2025-05-05 14:09:19 [INFO] sign up success
2025-05-05 14:09:33 [INFO] login success
2025-05-05 14:10:24 [INFO]  DB connected successfully
2025-05-05 14:10:24 [INFO] Server running on port 5000
2025-05-05 14:12:54 [INFO]  DB connected successfully
2025-05-05 14:12:54 [INFO] Server running on port 5000
2025-05-05 14:13:17 [INFO]  DB connected successfully
2025-05-05 14:13:17 [INFO] Server running on port 5000
2025-05-05 14:13:27 [INFO]  DB connected successfully
2025-05-05 14:13:27 [INFO] Server running on port 5000
2025-05-05 14:14:20 [INFO]  DB connected successfully
2025-05-05 14:14:20 [INFO] Server running on port 5000
2025-05-05 14:14:43 [INFO]  DB connected successfully
2025-05-05 14:14:43 [INFO] Server running on port 5000
2025-05-05 14:15:37 [INFO]  DB connected successfully
2025-05-05 14:15:37 [INFO] Server running on port 5000
2025-05-05 14:15:40 [INFO]  DB connected successfully
2025-05-05 14:15:40 [INFO] Server running on port 5000
2025-05-05 14:15:51 [INFO]  DB connected successfully
2025-05-05 14:15:51 [INFO] Server running on port 5000
2025-05-05 14:16:17 [INFO]  DB connected successfully
2025-05-05 14:16:17 [INFO] Server running on port 5000
2025-05-05 14:16:24 [INFO]  DB connected successfully
2025-05-05 14:16:24 [INFO] Server running on port 5000
2025-05-05 14:16:38 [INFO]  DB connected successfully
2025-05-05 14:16:38 [INFO] Server running on port 5000
2025-05-05 14:19:04 [INFO]  DB connected successfully
2025-05-05 14:19:04 [INFO] Server running on port 5000
2025-05-05 14:19:32 [INFO]  DB connected successfully
2025-05-05 14:19:32 [INFO] Server running on port 5000
2025-05-05 14:21:27 [INFO]  DB connected successfully
2025-05-05 14:21:27 [INFO] Server running on port 5000
2025-05-05 14:21:57 [INFO]  DB connected successfully
2025-05-05 14:21:57 [INFO] Server running on port 5000
2025-05-05 14:23:05 [INFO]  DB connected successfully
2025-05-05 14:23:05 [INFO] Server running on port 5000
2025-05-05 14:23:30 [INFO]  DB connected successfully
2025-05-05 14:23:30 [INFO] Server running on port 5000
2025-05-05 14:23:41 [INFO]  DB connected successfully
2025-05-05 14:23:41 [INFO] Server running on port 5000
2025-05-05 14:23:46 [INFO]  DB connected successfully
2025-05-05 14:23:46 [INFO] Server running on port 5000
2025-05-05 14:23:55 [INFO]  DB connected successfully
2025-05-05 14:23:55 [INFO] Server running on port 5000
2025-05-05 14:26:28 [INFO]  DB connected successfully
2025-05-05 14:26:28 [INFO] Server running on port 5000
2025-05-05 14:27:16 [INFO]  DB connected successfully
2025-05-05 14:27:16 [INFO] Server running on port 5000
2025-05-05 14:27:43 [INFO]  DB connected successfully
2025-05-05 14:27:43 [INFO] Server running on port 5000
2025-05-05 14:28:18 [INFO]  DB connected successfully
2025-05-05 14:28:18 [INFO] Server running on port 5000
2025-05-05 14:29:30 [INFO]  DB connected successfully
2025-05-05 14:29:30 [INFO] Server running on port 5000
2025-05-05 14:30:56 [INFO]  DB connected successfully
2025-05-05 14:30:56 [INFO] Server running on port 5000
2025-05-05 14:38:28 [INFO]  DB connected successfully
2025-05-05 14:38:28 [INFO] Server running on port 5000
2025-05-05 14:38:40 [INFO]  DB connected successfully
2025-05-05 14:38:40 [INFO] Server running on port 5000
2025-05-05 14:39:17 [INFO]  DB connected successfully
2025-05-05 14:39:17 [INFO] Server running on port 5000
2025-05-05 14:40:44 [INFO]  DB connected successfully
2025-05-05 14:40:44 [INFO] Server running on port 5000
2025-05-05 14:40:52 [INFO]  DB connected successfully
2025-05-05 14:40:52 [INFO] Server running on port 5000
2025-05-05 14:41:01 [INFO]  DB connected successfully
2025-05-05 14:41:01 [INFO] Server running on port 5000
2025-05-05 14:41:50 [INFO]  DB connected successfully
2025-05-05 14:41:50 [INFO] Server running on port 5000
2025-05-05 14:47:54 [INFO]  DB connected successfully
2025-05-05 14:47:54 [INFO] Server running on port 5000
2025-05-05 14:48:03 [INFO]  DB connected successfully
2025-05-05 14:48:03 [INFO] Server running on port 5000
2025-05-05 14:50:13 [INFO] login success
2025-05-05 14:50:30 [INFO] login success
2025-05-05 15:00:30 [INFO]  DB connected successfully
2025-05-05 15:00:30 [INFO] Server running on port 5000
2025-05-05 15:01:15 [INFO]  DB connected successfully
2025-05-05 15:01:15 [INFO] Server running on port 5000
2025-05-05 15:30:44 [WARN] Invalid credentials attempted
2025-05-05 15:31:49 [WARN] Invalid credentials attempted
2025-05-05 15:33:13 [INFO] login success
2025-05-05 15:34:12 [INFO] login success
2025-05-05 15:35:43 [WARN] Invalid credentials attempted
2025-05-05 15:35:52 [INFO] login success
2025-05-05 15:51:32 [INFO] login success
2025-05-05 15:52:28 [INFO] login success
2025-05-05 15:52:58 [INFO] login success
2025-05-05 15:53:15 [INFO] login success
2025-05-05 15:53:55 [INFO] login success
2025-05-05 15:59:25 [INFO] login success
2025-05-05 16:00:03 [INFO] login success
2025-05-05 16:00:14 [INFO] login success
2025-05-05 16:01:16 [INFO] login success
2025-05-05 16:02:43 [INFO] login success
2025-05-05 16:03:47 [INFO] login success
2025-05-05 16:05:30 [INFO] login success
2025-05-05 16:52:32 [INFO] login success
2025-05-05 17:06:09 [INFO] login success
2025-05-05 17:48:28 [INFO]  DB connected successfully
2025-05-05 17:48:28 [INFO] Server running on port 5000
2025-05-05 17:48:58 [INFO]  DB connected successfully
2025-05-05 17:48:58 [INFO] Server running on port 5000
2025-05-05 17:53:12 [INFO] login success
2025-05-05 17:54:51 [INFO] login success
2025-05-05 17:55:23 [INFO] login success
2025-05-05 17:55:55 [INFO] login success
2025-05-05 17:59:27 [INFO] login success
2025-05-05 18:24:16 [INFO]  DB connected successfully
2025-05-05 18:24:16 [INFO] Server running on port 5000
2025-05-06 08:32:31 [INFO]  DB connected successfully
2025-05-06 08:32:31 [INFO] Server running on port 5000
2025-05-06 08:33:00 [INFO] login success
2025-05-06 09:01:22 [INFO] login success
2025-05-06 09:05:55 [INFO] login success
2025-05-06 09:07:45 [INFO] login success
2025-05-06 09:13:55 [INFO] login success
2025-05-06 09:59:44 [INFO] login success
2025-05-06 10:00:31 [INFO] login success
2025-05-06 10:03:19 [INFO] login success
2025-05-06 10:03:52 [INFO] login success
2025-05-06 10:04:01 [INFO] login success
2025-05-06 10:39:24 [INFO] login success
2025-05-06 10:41:46 [INFO] login success
2025-05-06 11:16:08 [INFO] login success
2025-05-06 11:16:48 [INFO] login success
2025-05-06 11:22:47 [INFO] login success
2025-05-06 11:28:51 [INFO] login success
2025-05-06 11:54:45 [INFO]  DB connected successfully
2025-05-06 11:54:45 [INFO] Server running on port 5000
2025-05-06 15:01:18 [INFO]  DB connected successfully
2025-05-06 15:01:18 [INFO] Server running on port 5000
2025-05-06 15:07:11 [ERROR] Error: Access denied for user ''@'localhost' (using password: NO)
    at Packet.asError (C:\Users\VimalkanthPadmapriya\Desktop\vk\leave-management-system\backend\node_modules\mysql2\lib\packets\packet.js:740:17)
    at ClientHandshake.execute (C:\Users\VimalkanthPadmapriya\Desktop\vk\leave-management-system\backend\node_modules\mysql2\lib\commands\command.js:29:26)
    at PoolConnection.handlePacket (C:\Users\VimalkanthPadmapriya\Desktop\vk\leave-management-system\backend\node_modules\mysql2\lib\base\connection.js:475:34)
    at PacketParser.onPacket (C:\Users\VimalkanthPadmapriya\Desktop\vk\leave-management-system\backend\node_modules\mysql2\lib\base\connection.js:93:12)
    at PacketParser.executeStart (C:\Users\VimalkanthPadmapriya\Desktop\vk\leave-management-system\backend\node_modules\mysql2\lib\packet_parser.js:75:16)
    at Socket.<anonymous> (C:\Users\VimalkanthPadmapriya\Desktop\vk\leave-management-system\backend\node_modules\mysql2\lib\base\connection.js:100:25)
    at Socket.emit (node:events:518:28)
    at addChunk (node:internal/streams/readable:561:12)
    at readableAddChunkPushByteMode (node:internal/streams/readable:512:3)
    at Readable.push (node:internal/streams/readable:392:5)
2025-05-06 15:09:32 [INFO]  DB connected successfully
2025-05-06 15:09:32 [INFO] Server running on port 5000
2025-05-06 15:10:07 [WARN] Invalid credentials attempted
2025-05-06 15:10:14 [WARN] Invalid credentials attempted
2025-05-06 15:10:22 [INFO] login success
2025-05-06 15:11:33 [ERROR] error: SSL/TLS required
    at Parser.parseErrorMessage (C:\Users\VimalkanthPadmapriya\Desktop\vk\leave-management-system\backend\node_modules\pg-protocol\dist\parser.js:285:98)
    at Parser.handlePacket (C:\Users\VimalkanthPadmapriya\Desktop\vk\leave-management-system\backend\node_modules\pg-protocol\dist\parser.js:122:29)
    at Parser.parse (C:\Users\VimalkanthPadmapriya\Desktop\vk\leave-management-system\backend\node_modules\pg-protocol\dist\parser.js:35:38)
    at Socket.<anonymous> (C:\Users\VimalkanthPadmapriya\Desktop\vk\leave-management-system\backend\node_modules\pg-protocol\dist\index.js:11:42)
    at Socket.emit (node:events:518:28)
    at addChunk (node:internal/streams/readable:561:12)
    at readableAddChunkPushByteMode (node:internal/streams/readable:512:3)
    at Readable.push (node:internal/streams/readable:392:5)
    at TCP.onStreamRead (node:internal/stream_base_commons:189:23)
2025-05-06 15:11:58 [INFO]  DB connected successfully
2025-05-06 15:11:58 [INFO] Server running on port 5000
2025-05-06 15:12:16 [INFO] login success
