2025-05-02 15:49:17 [ERROR] Employee not found for emp_id45
2025-05-06 15:07:11 [ERROR] Error: Access denied for user ''@'localhost' (using password: NO)
    at Packet.asError (C:\Users\VimalkanthPadmapriya\Desktop\vk\leave-management-system\backend\node_modules\mysql2\lib\packets\packet.js:740:17)
    at ClientHandshake.execute (C:\Users\VimalkanthPadmapriya\Desktop\vk\leave-management-system\backend\node_modules\mysql2\lib\commands\command.js:29:26)
    at PoolConnection.handlePacket (C:\Users\VimalkanthPadmapriya\Desktop\vk\leave-management-system\backend\node_modules\mysql2\lib\base\connection.js:475:34)
    at PacketParser.onPacket (C:\Users\VimalkanthPadmapriya\Desktop\vk\leave-management-system\backend\node_modules\mysql2\lib\base\connection.js:93:12)
    at PacketParser.executeStart (C:\Users\VimalkanthPadmapriya\Desktop\vk\leave-management-system\backend\node_modules\mysql2\lib\packet_parser.js:75:16)
    at Socket.<anonymous> (C:\Users\VimalkanthPadmapriya\Desktop\vk\leave-management-system\backend\node_modules\mysql2\lib\base\connection.js:100:25)
    at Socket.emit (node:events:518:28)
    at addChunk (node:internal/streams/readable:561:12)
    at readableAddChunkPushByteMode (node:internal/streams/readable:512:3)
    at Readable.push (node:internal/streams/readable:392:5)
2025-05-06 15:11:33 [ERROR] error: SSL/TLS required
    at Parser.parseErrorMessage (C:\Users\VimalkanthPadmapriya\Desktop\vk\leave-management-system\backend\node_modules\pg-protocol\dist\parser.js:285:98)
    at Parser.handlePacket (C:\Users\VimalkanthPadmapriya\Desktop\vk\leave-management-system\backend\node_modules\pg-protocol\dist\parser.js:122:29)
    at Parser.parse (C:\Users\VimalkanthPadmapriya\Desktop\vk\leave-management-system\backend\node_modules\pg-protocol\dist\parser.js:35:38)
    at Socket.<anonymous> (C:\Users\VimalkanthPadmapriya\Desktop\vk\leave-management-system\backend\node_modules\pg-protocol\dist\index.js:11:42)
    at Socket.emit (node:events:518:28)
    at addChunk (node:internal/streams/readable:561:12)
    at readableAddChunkPushByteMode (node:internal/streams/readable:512:3)
    at Readable.push (node:internal/streams/readable:392:5)
    at TCP.onStreamRead (node:internal/stream_base_commons:189:23)
